This is pdfTeX, Version 3.14159265-2.6-1.40.15 (TeX Live 2014/MacPorts 2014_1) (preloaded format=pdflatex 2014.7.6)  21 JUL 2014 03:09
entering extended mode
 restricted \write18 enabled.
 %&-line parsing enabled.
**aa
(./aa.tex
LaTeX2e <2014/05/01>
Babel <3.9k> and hyphenation patterns for 43 languages loaded.
(./aes137.cls
Document Class: aes137 2004/06/14 v1.01 AES 137th convention paper style
(./aes.cls
Document Class: aes 2012/08/11 v0.65 AES convention paper style
...this is a Convention...
(/opt/local/share/texmf-texlive/tex/latex/base/report.cls
Document Class: report 2007/10/19 v1.4h Standard LaTeX document class
(/opt/local/share/texmf-texlive/tex/latex/base/size10.clo
File: size10.clo 2007/10/19 v1.4h Standard LaTeX file (size option)
)
\c@part=\count79
\c@chapter=\count80
\c@section=\count81
\c@subsection=\count82
\c@subsubsection=\count83
\c@paragraph=\count84
\c@subparagraph=\count85
\c@figure=\count86
\c@table=\count87
\abovecaptionskip=\skip41
\belowcaptionskip=\skip42
\bibindent=\dimen102
)
(/opt/local/share/texmf-texlive/tex/latex/graphics/graphicx.sty
Package: graphicx 2014/04/25 v1.0g Enhanced LaTeX Graphics (DPC,SPQR)

(/opt/local/share/texmf-texlive/tex/latex/graphics/keyval.sty
Package: keyval 2014/05/08 v1.15 key=value parser (DPC)
\KV@toks@=\toks14
)
(/opt/local/share/texmf-texlive/tex/latex/graphics/graphics.sty
Package: graphics 2009/02/05 v1.0o Standard LaTeX Graphics (DPC,SPQR)

(/opt/local/share/texmf-texlive/tex/latex/graphics/trig.sty
Package: trig 1999/03/16 v1.09 sin cos tan (DPC)
)
(/opt/local/share/texmf-texlive/tex/latex/latexconfig/graphics.cfg
File: graphics.cfg 2010/04/23 v1.9 graphics configuration of TeX Live
)
Package graphics Info: Driver file: pdftex.def on input line 91.

(/opt/local/share/texmf-texlive/tex/latex/pdftex-def/pdftex.def
File: pdftex.def 2011/05/27 v0.06d Graphics/color for pdfTeX

(/opt/local/share/texmf-texlive/tex/generic/oberdiek/infwarerr.sty
Package: infwarerr 2010/04/08 v1.3 Providing info/warning/error messages (HO)
)
(/opt/local/share/texmf-texlive/tex/generic/oberdiek/ltxcmds.sty
Package: ltxcmds 2011/11/09 v1.22 LaTeX kernel commands for general use (HO)
)
\Gread@gobject=\count88
))
\Gin@req@height=\dimen103
\Gin@req@width=\dimen104
)
(./ulem.sty
\UL@box=\box26
\UL@hyphenbox=\box27
\UL@skip=\skip43
\UL@hook=\toks15
\UL@pe=\count89
\UL@pixel=\dimen105
\ULC@box=\box28
Package: ulem 2000/05/26
\ULdepth=\dimen106
)
\c@lastnamecount=\count90
\c@affiliationcount=\count91
\abstract@@box=\box29
\abstract@box=\box30
\c@authorcount=\count92
\@AES@title@@box=\box31
))
LaTeX Font Info:    External font `cmex10' loaded for size
(Font)              <7> on input line 34.
LaTeX Font Info:    External font `cmex10' loaded for size
(Font)              <5> on input line 34.
 (./aa.aux)
\openout1 = `aa.aux'.

LaTeX Font Info:    Checking defaults for OML/cmm/m/it on input line 36.
LaTeX Font Info:    ... okay on input line 36.
LaTeX Font Info:    Checking defaults for T1/cmr/m/n on input line 36.
LaTeX Font Info:    ... okay on input line 36.
LaTeX Font Info:    Checking defaults for OT1/cmr/m/n on input line 36.
LaTeX Font Info:    ... okay on input line 36.
LaTeX Font Info:    Checking defaults for OMS/cmsy/m/n on input line 36.
LaTeX Font Info:    ... okay on input line 36.
LaTeX Font Info:    Checking defaults for OMX/cmex/m/n on input line 36.
LaTeX Font Info:    ... okay on input line 36.
LaTeX Font Info:    Checking defaults for U/cmr/m/n on input line 36.
LaTeX Font Info:    ... okay on input line 36.

(/opt/local/share/texmf-texlive/tex/context/base/supp-pdf.mkii
[Loading MPS to PDF converter (version 2006.09.02).]
\scratchcounter=\count93
\scratchdimen=\dimen107
\scratchbox=\box32
\nofMPsegments=\count94
\nofMParguments=\count95
\everyMPshowfont=\toks16
\MPscratchCnt=\count96
\MPscratchDim=\dimen108
\MPnumerator=\count97
\makeMPintoPDFobject=\count98
\everyMPtoPDFconversion=\toks17
) (/opt/local/share/texmf-texlive/tex/generic/oberdiek/pdftexcmds.sty
Package: pdftexcmds 2011/11/29 v0.20 Utility functions of pdfTeX for LuaTeX (HO
)

(/opt/local/share/texmf-texlive/tex/generic/oberdiek/ifluatex.sty
Package: ifluatex 2010/03/01 v1.3 Provides the ifluatex switch (HO)
Package ifluatex Info: LuaTeX not detected.
)
(/opt/local/share/texmf-texlive/tex/generic/oberdiek/ifpdf.sty
Package: ifpdf 2011/01/30 v2.3 Provides the ifpdf switch (HO)
Package ifpdf Info: pdfTeX in PDF mode is detected.
)
Package pdftexcmds Info: LuaTeX not detected.
Package pdftexcmds Info: \pdf@primitive is available.
Package pdftexcmds Info: \pdf@ifprimitive is available.
Package pdftexcmds Info: \pdfdraftmode found.
)
(/opt/local/share/texmf-texlive/tex/latex/oberdiek/epstopdf-base.sty
Package: epstopdf-base 2010/02/09 v2.5 Base part for package epstopdf

(/opt/local/share/texmf-texlive/tex/latex/oberdiek/grfext.sty
Package: grfext 2010/08/19 v1.1 Manage graphics extensions (HO)

(/opt/local/share/texmf-texlive/tex/generic/oberdiek/kvdefinekeys.sty
Package: kvdefinekeys 2011/04/07 v1.3 Define keys (HO)
))
(/opt/local/share/texmf-texlive/tex/latex/oberdiek/kvoptions.sty
Package: kvoptions 2011/06/30 v3.11 Key value format for package options (HO)

(/opt/local/share/texmf-texlive/tex/generic/oberdiek/kvsetkeys.sty
Package: kvsetkeys 2012/04/25 v1.16 Key value parser (HO)

(/opt/local/share/texmf-texlive/tex/generic/oberdiek/etexcmds.sty
Package: etexcmds 2011/02/16 v1.5 Avoid name clashes with e-TeX commands (HO)
Package etexcmds Info: Could not find \expanded.
(etexcmds)             That can mean that you are not using pdfTeX 1.50 or
(etexcmds)             that some package has redefined \expanded.
(etexcmds)             In the latter case, load this package earlier.
)))
Package grfext Info: Graphics extension search list:
(grfext)             [.pdf,.eps]
(grfext)             \AppendGraphicsExtensions on input line 452.

(/opt/local/share/texmf-texlive/tex/latex/latexconfig/epstopdf-sys.cfg
File: epstopdf-sys.cfg 2010/07/13 v1.3 Configuration of (r)epstopdf for TeX Liv
e
))
Collecchia  Abel  Coffin  Callery  Yeh  Spratt  Smith
<aeslogo.pdf, id=1, 124.465pt x 155.58125pt>
File: aeslogo.pdf Graphic file (type pdf)
 <use aeslogo.pdf>
Package pdftex.def Info: aeslogo.pdf used on input line 38.
(pdftex.def)             Requested size: 56.9055pt x 71.13379pt.
LaTeX Font Info:    External font `cmex10' loaded for size
(Font)              <9> on input line 38.
LaTeX Font Info:    External font `cmex10' loaded for size
(Font)              <6> on input line 38.
 [1{/opt/local/var/db/texmf/fonts/map/pdftex/updmap/pdftex.map}


 <./aeslogo.pdf>]
<images/pic_P14.jpg, id=40, 361.35pt x 641.39626pt>
File: images/pic_P14.jpg Graphic file (type jpg)
 <use images/pic_P14.jpg>
Package pdftex.def Info: images/pic_P14.jpg used on input line 69.
(pdftex.def)             Requested size: 67.7538pt x 102.12291pt.

<images/pic_M13.jpg, id=42, 2055.68pt x 1368.11125pt>
File: images/pic_M13.jpg Graphic file (type jpg)
 <use images/pic_M13.jpg>
Package pdftex.def Info: images/pic_M13.jpg used on input line 73.
(pdftex.def)             Requested size: 153.57208pt x 102.1864pt.

Overfull \hbox (2.18375pt too wide) in paragraph at lines 68--75
[][]   [] 
 []

<images/alleyway_birdseye.png, id=43, 566.115pt x 873.2625pt>
File: images/alleyway_birdseye.png Graphic file (type png)

<use images/alleyway_birdseye.png>
Package pdftex.def Info: images/alleyway_birdseye.png used on input line 80.
(pdftex.def)             Requested size: 103.88963pt x 160.2452pt.

<images/alleyway_lookingdown.png, id=44, 561.09625pt x 957.5775pt>
File: images/alleyway_lookingdown.png Graphic file (type png)

<use images/alleyway_lookingdown.png>
Package pdftex.def Info: images/alleyway_lookingdown.png used on input line 84.

(pdftex.def)             Requested size: 92.59676pt x 158.02269pt.
LaTeX Font Info:    External font `cmex10' loaded for size
(Font)              <8> on input line 118.

Underfull \hbox (badness 1199) in paragraph at lines 126--137
\OT1/cmr/m/n/10 sum of modal re-sponses. Each of the modal
 []

<images/printers_labeled_IR.png, id=45, 571.13374pt x 427.5975pt>
File: images/printers_labeled_IR.png Graphic file (type png)

<use images/printers_labeled_IR.png>
Package pdftex.def Info: images/printers_labeled_IR.png used on input line 143.

(pdftex.def)             Requested size: 225.84375pt x 169.08511pt.

<images/artists_labeled_IR.png, id=46, 571.13374pt x 426.59375pt>
File: images/artists_labeled_IR.png Graphic file (type png)

<use images/artists_labeled_IR.png>
Package pdftex.def Info: images/artists_labeled_IR.png used on input line 150.
(pdftex.def)             Requested size: 225.84375pt x 168.68819pt.


LaTeX Warning: `!h' float specifier changed to `!ht'.

<images/macs_labeled_IR.png, id=47, 570.13pt x 426.59375pt>
File: images/macs_labeled_IR.png Graphic file (type png)

<use images/macs_labeled_IR.png>
Package pdftex.def Info: images/macs_labeled_IR.png used on input line 156.
(pdftex.def)             Requested size: 225.84375pt x 168.98111pt.


LaTeX Warning: `!h' float specifier changed to `!ht'.

<images/P14IR_irsg_cropped.pdf, id=48, 525.66383pt x 387.40575pt>
File: images/P14IR_irsg_cropped.pdf Graphic file (type pdf)

<use images/P14IR_irsg_cropped.pdf>
Package pdftex.def Info: images/P14IR_irsg_cropped.pdf used on input line 168.
(pdftex.def)             Requested size: 225.84375pt x 166.43935pt.


LaTeX Warning: `!h' float specifier changed to `!ht'.

[2 <./images/pic_P14.jpg> <./images/pic_M13.jpg> <./images/alleyway_birdseye.pn
g> <./images/alleyway_lookingdown.png> <./images/printers_labeled_IR.png (PNG c
opy)>] <images/P14IR_sgm_cropped.pdf, id=57, 542.8669pt x 394.86964pt>
File: images/P14IR_sgm_cropped.pdf Graphic file (type pdf)

<use images/P14IR_sgm_cropped.pdf>
Package pdftex.def Info: images/P14IR_sgm_cropped.pdf used on input line 191.
(pdftex.def)             Requested size: 225.84375pt x 164.27153pt.


LaTeX Warning: `!h' float specifier changed to `!ht'.


LaTeX Warning: Text page 3 contains only floats.

[3 <./images/artists_labeled_IR.png (PNG copy)> <./images/macs_labeled_IR.png (
PNG copy)> <./images/P14IR_irsg_cropped.pdf>]
<images/ISM_uncanted.pdf, id=83, 4099.315pt x 1999.47pt>
File: images/ISM_uncanted.pdf Graphic file (type pdf)

<use images/ISM_uncanted.pdf>
Package pdftex.def Info: images/ISM_uncanted.pdf used on input line 206.
(pdftex.def)             Requested size: 225.84375pt x 110.13899pt.


LaTeX Warning: `!h' float specifier changed to `!ht'.

<images/IM_480c00_irsg_cropped.pdf, id=84, 532.9874pt x 389.56592pt>
File: images/IM_480c00_irsg_cropped.pdf Graphic file (type pdf)

<use images/IM_480c00_irsg_cropped.pdf>
Package pdftex.def Info: images/IM_480c00_irsg_cropped.pdf used on input line 2
12.
(pdftex.def)             Requested size: 225.84375pt x 165.06697pt.


LaTeX Warning: `!h' float specifier changed to `!ht'.

<images/annotated_reflections_v2.pdf, id=85, 2296.58pt x 1814.78pt>
File: images/annotated_reflections_v2.pdf Graphic file (type pdf)

<use images/annotated_reflections_v2.pdf>
Package pdftex.def Info: images/annotated_reflections_v2.pdf used on input line
 219.
(pdftex.def)             Requested size: 225.84375pt x 178.44258pt.


LaTeX Warning: `!h' float specifier changed to `!ht'.

<images/planview_paths_v2.pdf, id=86, 1838.87pt x 1646.15pt>
File: images/planview_paths_v2.pdf Graphic file (type pdf)

<use images/planview_paths_v2.pdf>
Package pdftex.def Info: images/planview_paths_v2.pdf used on input line 232.
(pdftex.def)             Requested size: 158.08994pt x 141.5159pt.


LaTeX Warning: `!h' float specifier changed to `!ht'.

[4 <./images/P14IR_sgm_cropped.pdf> <./images/ISM_uncanted.pdf> <./images/IM_48
0c00_irsg_cropped.pdf>]
Underfull \vbox (badness 2762) has occurred while \output is active []


<images/ISM_0m_cant_0m_dip.png, id=135, 676.5275pt x 417.56pt>
File: images/ISM_0m_cant_0m_dip.png Graphic file (type png)

<use images/ISM_0m_cant_0m_dip.png>
Package pdftex.def Info: images/ISM_0m_cant_0m_dip.png used on input line 267.
(pdftex.def)             Requested size: 225.84375pt x 149.05879pt.

<images/ISM_0pt05m_cant_0m_dip.png, id=137, 676.5275pt x 417.56pt>
File: images/ISM_0pt05m_cant_0m_dip.png Graphic file (type png)

<use images/ISM_0pt05m_cant_0m_dip.png>
Package pdftex.def Info: images/ISM_0pt05m_cant_0m_dip.png used on input line 2
71.
(pdftex.def)             Requested size: 225.84375pt x 149.05879pt.


LaTeX Warning: `!h' float specifier changed to `!ht'.

<images/ISM_0pt05m_cant_0pt02m_dip.png, id=139, 676.5275pt x 417.56pt>
File: images/ISM_0pt05m_cant_0pt02m_dip.png Graphic file (type png)

<use images/ISM_0pt05m_cant_0pt02m_dip.png>
Package pdftex.def Info: images/ISM_0pt05m_cant_0pt02m_dip.png used on input li
ne 275.
(pdftex.def)             Requested size: 225.84375pt x 149.05879pt.


LaTeX Warning: `!h' float specifier changed to `!ht'.

[5 <./images/ISM_0m_cant_0m_dip.png (PNG copy)> <./images/annotated_reflections
_v2.pdf> <./images/planview_paths_v2.pdf>]
<images/P12C_irsg_cropped.pdf, id=150, 530.57169pt x 385.30669pt>
File: images/P12C_irsg_cropped.pdf Graphic file (type pdf)

<use images/P12C_irsg_cropped.pdf>
Package pdftex.def Info: images/P12C_irsg_cropped.pdf used on input line 322.
(pdftex.def)             Requested size: 225.84375pt x 164.00891pt.

Underfull \hbox (badness 1102) in paragraph at lines 322--322
[]\OT1/cmr/bx/n/10 Fig. 14: \OT1/cmr/m/n/10 Spec-tro-grams of four hand claps i
n
 []

[6 <./images/ISM_0pt05m_cant_0m_dip.png (PNG copy)> <./images/ISM_0pt05m_cant_0
pt02m_dip.png (PNG copy)> <./images/P12C_irsg_cropped.pdf>] (./aa.bbl) [7

]
(./aa.aux) ) 
Here is how much of TeX's memory you used:
 1831 strings out of 494213
 26974 string characters out of 6157494
 90153 words of memory out of 5000000
 5093 multiletter control sequences out of 15000+600000
 10705 words of font info for 38 fonts, out of 8000000 for 9000
 431 hyphenation exceptions out of 8191
 39i,9n,25p,631b,278s stack positions out of 5000i,500n,10000p,200000b,80000s
</opt/local/share/texmf-texlive/fonts/type1/public/amsfonts/cm/cmbx
10.pfb></opt/local/share/texmf-texlive/fonts/type1/public/amsfonts/cm/cmmi10.pf
b></opt/local/share/texmf-texlive/fonts/type1/public/amsfonts/cm/cmr10.pfb></op
t/local/share/texmf-texlive/fonts/type1/public/amsfonts/cm/cmr6.pfb></opt/local
/share/texmf-texlive/fonts/type1/public/amsfonts/cm/cmr7.pfb></opt/local/share/
texmf-texlive/fonts/type1/public/amsfonts/cm/cmr8.pfb></opt/local/share/texmf-t
exlive/fonts/type1/public/amsfonts/cm/cmr9.pfb></opt/local/share/texmf-texlive/
fonts/type1/public/amsfonts/cm/cmss10.pfb></opt/local/share/texmf-texlive/fonts
/type1/public/amsfonts/cm/cmss17.pfb></opt/local/share/texmf-texlive/fonts/type
1/public/amsfonts/cm/cmss8.pfb></opt/local/share/texmf-texlive/fonts/type1/publ
ic/amsfonts/cm/cmssbx10.pfb></opt/local/share/texmf-texlive/fonts/type1/public/
amsfonts/cm/cmsy10.pfb></opt/local/share/texmf-texlive/fonts/type1/public/amsfo
nts/cm/cmsy7.pfb></opt/local/share/texmf-texlive/fonts/type1/public/amsfonts/cm
/cmti10.pfb></opt/local/share/texmf-texlive/fonts/type1/public/amsfonts/cm/cmti
7.pfb></opt/local/share/texmf-texlive/fonts/type1/public/amsfonts/cm/cmti9.pfb>
</opt/local/share/texmf-texlive/fonts/type1/public/amsfonts/cm/cmtt10.pfb>
Output written on aa.pdf (7 pages, 2018059 bytes).
PDF statistics:
 234 PDF objects out of 1000 (max. 8388607)
 0 named destinations out of 1000 (max. 500000)
 115 words of extra memory for PDF output out of 10000 (max. 10000000)

