This is pdfTeX, Version 3.14159265-2.6-1.40.15 (TeX Live 2014) (preloaded format=pdflatex 2014.5.25)  20 JUL 2014 21:24
entering extended mode
 restricted \write18 enabled.
 file:line:error style messages enabled.
 %&-line parsing enabled.
**"On the Acoustics of Alleyways #201.tex"
(./On the Acoustics of Alleyways #201.tex
LaTeX2e <2014/05/01>
Babel <3.9k> and hyphenation patterns for 78 languages loaded.
(./aes137.cls
Document Class: aes137 2004/06/14 v1.01 AES 137th convention paper style
(./aes.cls
Document Class: aes 2012/08/11 v0.65 AES convention paper style
...this is a Convention...
(/usr/local/texlive/2014/texmf-dist/tex/latex/base/report.cls
Document Class: report 2007/10/19 v1.4h Standard LaTeX document class
(/usr/local/texlive/2014/texmf-dist/tex/latex/base/size10.clo
File: size10.clo 2007/10/19 v1.4h Standard LaTeX file (size option)
)
\c@part=\count79
\c@chapter=\count80
\c@section=\count81
\c@subsection=\count82
\c@subsubsection=\count83
\c@paragraph=\count84
\c@subparagraph=\count85
\c@figure=\count86
\c@table=\count87
\abovecaptionskip=\skip41
\belowcaptionskip=\skip42
\bibindent=\dimen102
)
(/usr/local/texlive/2014/texmf-dist/tex/latex/graphics/graphicx.sty
Package: graphicx 2014/04/25 v1.0g Enhanced LaTeX Graphics (DPC,SPQR)

(/usr/local/texlive/2014/texmf-dist/tex/latex/graphics/keyval.sty
Package: keyval 2014/05/08 v1.15 key=value parser (DPC)
\KV@toks@=\toks14
)
(/usr/local/texlive/2014/texmf-dist/tex/latex/graphics/graphics.sty
Package: graphics 2009/02/05 v1.0o Standard LaTeX Graphics (DPC,SPQR)

(/usr/local/texlive/2014/texmf-dist/tex/latex/graphics/trig.sty
Package: trig 1999/03/16 v1.09 sin cos tan (DPC)
)
(/usr/local/texlive/2014/texmf-dist/tex/latex/latexconfig/graphics.cfg
File: graphics.cfg 2010/04/23 v1.9 graphics configuration of TeX Live
)
Package graphics Info: Driver file: pdftex.def on input line 91.

(/usr/local/texlive/2014/texmf-dist/tex/latex/pdftex-def/pdftex.def
File: pdftex.def 2011/05/27 v0.06d Graphics/color for pdfTeX

(/usr/local/texlive/2014/texmf-dist/tex/generic/oberdiek/infwarerr.sty
Package: infwarerr 2010/04/08 v1.3 Providing info/warning/error messages (HO)
)
(/usr/local/texlive/2014/texmf-dist/tex/generic/oberdiek/ltxcmds.sty
Package: ltxcmds 2011/11/09 v1.22 LaTeX kernel commands for general use (HO)
)
\Gread@gobject=\count88
))
\Gin@req@height=\dimen103
\Gin@req@width=\dimen104
)
(./ulem.sty
\UL@box=\box26
\UL@hyphenbox=\box27
\UL@skip=\skip43
\UL@hook=\toks15
\UL@pe=\count89
\UL@pixel=\dimen105
\ULC@box=\box28
Package: ulem 2000/05/26
\ULdepth=\dimen106
)
\c@lastnamecount=\count90
\c@affiliationcount=\count91
\abstract@@box=\box29
\abstract@box=\box30
\c@authorcount=\count92
\@AES@title@@box=\box31
))
LaTeX Font Info:    External font `cmex10' loaded for size
(Font)              <7> on input line 24.
LaTeX Font Info:    External font `cmex10' loaded for size
(Font)              <5> on input line 24.
 (./On the Acoustics of Alleyways #201.aux)
\openout1 = `"On the Acoustics of Alleyways #201.aux"'.

LaTeX Font Info:    Checking defaults for OML/cmm/m/it on input line 26.
LaTeX Font Info:    ... okay on input line 26.
LaTeX Font Info:    Checking defaults for T1/cmr/m/n on input line 26.
LaTeX Font Info:    ... okay on input line 26.
LaTeX Font Info:    Checking defaults for OT1/cmr/m/n on input line 26.
LaTeX Font Info:    ... okay on input line 26.
LaTeX Font Info:    Checking defaults for OMS/cmsy/m/n on input line 26.
LaTeX Font Info:    ... okay on input line 26.
LaTeX Font Info:    Checking defaults for OMX/cmex/m/n on input line 26.
LaTeX Font Info:    ... okay on input line 26.
LaTeX Font Info:    Checking defaults for U/cmr/m/n on input line 26.
LaTeX Font Info:    ... okay on input line 26.

(/usr/local/texlive/2014/texmf-dist/tex/context/base/supp-pdf.mkii
[Loading MPS to PDF converter (version 2006.09.02).]
\scratchcounter=\count93
\scratchdimen=\dimen107
\scratchbox=\box32
\nofMPsegments=\count94
\nofMParguments=\count95
\everyMPshowfont=\toks16
\MPscratchCnt=\count96
\MPscratchDim=\dimen108
\MPnumerator=\count97
\makeMPintoPDFobject=\count98
\everyMPtoPDFconversion=\toks17
) (/usr/local/texlive/2014/texmf-dist/tex/generic/oberdiek/pdftexcmds.sty
Package: pdftexcmds 2011/11/29 v0.20 Utility functions of pdfTeX for LuaTeX (HO
)

(/usr/local/texlive/2014/texmf-dist/tex/generic/oberdiek/ifluatex.sty
Package: ifluatex 2010/03/01 v1.3 Provides the ifluatex switch (HO)
Package ifluatex Info: LuaTeX not detected.
)
(/usr/local/texlive/2014/texmf-dist/tex/generic/oberdiek/ifpdf.sty
Package: ifpdf 2011/01/30 v2.3 Provides the ifpdf switch (HO)
Package ifpdf Info: pdfTeX in PDF mode is detected.
)
Package pdftexcmds Info: LuaTeX not detected.
Package pdftexcmds Info: \pdf@primitive is available.
Package pdftexcmds Info: \pdf@ifprimitive is available.
Package pdftexcmds Info: \pdfdraftmode found.
)
(/usr/local/texlive/2014/texmf-dist/tex/latex/oberdiek/epstopdf-base.sty
Package: epstopdf-base 2010/02/09 v2.5 Base part for package epstopdf

(/usr/local/texlive/2014/texmf-dist/tex/latex/oberdiek/grfext.sty
Package: grfext 2010/08/19 v1.1 Manage graphics extensions (HO)

(/usr/local/texlive/2014/texmf-dist/tex/generic/oberdiek/kvdefinekeys.sty
Package: kvdefinekeys 2011/04/07 v1.3 Define keys (HO)
))
(/usr/local/texlive/2014/texmf-dist/tex/latex/oberdiek/kvoptions.sty
Package: kvoptions 2011/06/30 v3.11 Key value format for package options (HO)

(/usr/local/texlive/2014/texmf-dist/tex/generic/oberdiek/kvsetkeys.sty
Package: kvsetkeys 2012/04/25 v1.16 Key value parser (HO)

(/usr/local/texlive/2014/texmf-dist/tex/generic/oberdiek/etexcmds.sty
Package: etexcmds 2011/02/16 v1.5 Avoid name clashes with e-TeX commands (HO)
Package etexcmds Info: Could not find \expanded.
(etexcmds)             That can mean that you are not using pdfTeX 1.50 or
(etexcmds)             that some package has redefined \expanded.
(etexcmds)             In the latter case, load this package earlier.
)))
Package grfext Info: Graphics extension search list:
(grfext)             [.pdf,.eps]
(grfext)             \AppendGraphicsExtensions on input line 452.

(/usr/local/texlive/2014/texmf-dist/tex/latex/latexconfig/epstopdf-sys.cfg
File: epstopdf-sys.cfg 2010/07/13 v1.3 Configuration of (r)epstopdf for TeX Liv
e
))
Collecchia  Abel  Coffin  Callery  Yeh  Spratt  Smith
<aeslogo.pdf, id=1, 124.465pt x 155.58125pt>
File: aeslogo.pdf Graphic file (type pdf)
 <use aeslogo.pdf>
Package pdftex.def Info: aeslogo.pdf used on input line 28.
(pdftex.def)             Requested size: 56.9055pt x 71.13379pt.
LaTeX Font Info:    External font `cmex10' loaded for size
(Font)              <9> on input line 28.
LaTeX Font Info:    External font `cmex10' loaded for size
(Font)              <6> on input line 28.

Underfull \vbox (badness 10000) has occurred while \output is active []

 [1{/usr/local/texlive/2014/texmf-var/fonts/map/pdftex/updmap/pdftex.map}


 <./aeslogo.pdf>] <images/alleyway_birdseye.png, id=41, 566.115pt x 873.2625pt>
File: images/alleyway_birdseye.png Graphic file (type png)

<use images/alleyway_birdseye.png>
Package pdftex.def Info: images/alleyway_birdseye.png used on input line 41.
(pdftex.def)             Requested size: 103.88963pt x 160.2452pt.

<images/alleyway_lookingdown.png, id=42, 561.09625pt x 957.5775pt>
File: images/alleyway_lookingdown.png Graphic file (type png)

<use images/alleyway_lookingdown.png>
Package pdftex.def Info: images/alleyway_lookingdown.png used on input line 45.

(pdftex.def)             Requested size: 92.59676pt x 158.02269pt.
LaTeX Font Info:    External font `cmex10' loaded for size
(Font)              <8> on input line 54.

<images/printers_labeled_IR.png, id=43, 571.13374pt x 427.5975pt>
File: images/printers_labeled_IR.png Graphic file (type png)

<use images/printers_labeled_IR.png>
Package pdftex.def Info: images/printers_labeled_IR.png used on input line 70.
(pdftex.def)             Requested size: 225.84375pt x 169.08511pt.


LaTeX Warning: `!h' float specifier changed to `!ht'.

<images/artists_labeled_IR.png, id=44, 571.13374pt x 426.59375pt>
File: images/artists_labeled_IR.png Graphic file (type png)

<use images/artists_labeled_IR.png>
Package pdftex.def Info: images/artists_labeled_IR.png used on input line 72.
(pdftex.def)             Requested size: 225.84375pt x 168.68819pt.


LaTeX Warning: `!h' float specifier changed to `!ht'.

<images/macs_labeled_IR.png, id=45, 570.13pt x 426.59375pt>
File: images/macs_labeled_IR.png Graphic file (type png)

<use images/macs_labeled_IR.png>
Package pdftex.def Info: images/macs_labeled_IR.png used on input line 74.
(pdftex.def)             Requested size: 225.84375pt x 168.98111pt.


LaTeX Warning: `!h' float specifier changed to `!ht'.


Underfull \hbox (badness 1152) in paragraph at lines 79--81
\OT1/cmr/m/n/10 All mea-sure-ment spec-tro-grams (Figs. 2 and 3)
 []

[2 <./images/alleyway_birdseye.png> <./images/alleyway_lookingdown.png> <./imag
es/printers_labeled_IR.png (PNG copy)> <./images/artists_labeled_IR.png (PNG co
py)>] <images/logspectrogram.png, id=56, 561.09625pt x 420.57124pt>
File: images/logspectrogram.png Graphic file (type png)

<use images/logspectrogram.png>
Package pdftex.def Info: images/logspectrogram.png used on input line 84.
(pdftex.def)             Requested size: 225.84375pt x 165.61832pt.

<images/logspectrogram_evenmoredetail.png, id=58, 561.09625pt x 420.57124pt>
File: images/logspectrogram_evenmoredetail.png Graphic file (type png)

<use images/logspectrogram_evenmoredetail.png>
Package pdftex.def Info: images/logspectrogram_evenmoredetail.png used on input
 line 86.
(pdftex.def)             Requested size: 225.84375pt x 170.49612pt.


LaTeX Warning: `!h' float specifier changed to `!ht'.

<images/ISM_uncanted.pdf, id=60, 4099.315pt x 1999.47pt>
File: images/ISM_uncanted.pdf Graphic file (type pdf)

<use images/ISM_uncanted.pdf>
Package pdftex.def Info: images/ISM_uncanted.pdf used on input line 91.
(pdftex.def)             Requested size: 225.84375pt x 110.13899pt.
 [3 <./images/logspectrogram.png (PNG copy)> <./images/logspectrogram_evenmored
etail.png (PNG copy)> <./images/macs_labeled_IR.png (PNG copy)> <./images/ISM_u
ncanted.pdf>]
<images/annotated_reflections_v2.pdf, id=69, 2296.58pt x 1814.78pt>
File: images/annotated_reflections_v2.pdf Graphic file (type pdf)

<use images/annotated_reflections_v2.pdf>
Package pdftex.def Info: images/annotated_reflections_v2.pdf used on input line
 97.
(pdftex.def)             Requested size: 225.84375pt x 178.44258pt.

<images/planview_paths_v2.pdf, id=70, 1838.87pt x 1646.15pt>
File: images/planview_paths_v2.pdf Graphic file (type pdf)

<use images/planview_paths_v2.pdf>
Package pdftex.def Info: images/planview_paths_v2.pdf used on input line 110.
(pdftex.def)             Requested size: 158.08994pt x 141.5159pt.

<images/ISM_0m_cant_0m_dip.png, id=71, 676.5275pt x 417.56pt>
File: images/ISM_0m_cant_0m_dip.png Graphic file (type png)

<use images/ISM_0m_cant_0m_dip.png>
Package pdftex.def Info: images/ISM_0m_cant_0m_dip.png used on input line 117.
(pdftex.def)             Requested size: 225.84375pt x 149.05879pt.

<images/ISM_0pt05m_cant_0m_dip.png, id=73, 676.5275pt x 417.56pt>
File: images/ISM_0pt05m_cant_0m_dip.png Graphic file (type png)

<use images/ISM_0pt05m_cant_0m_dip.png>
Package pdftex.def Info: images/ISM_0pt05m_cant_0m_dip.png used on input line 1
19.
(pdftex.def)             Requested size: 225.84375pt x 149.05879pt.


LaTeX Warning: `!h' float specifier changed to `!ht'.

<images/ISM_0pt05m_cant_0pt02m_dip.png, id=75, 676.5275pt x 417.56pt>
File: images/ISM_0pt05m_cant_0pt02m_dip.png Graphic file (type png)

<use images/ISM_0pt05m_cant_0pt02m_dip.png>
Package pdftex.def Info: images/ISM_0pt05m_cant_0pt02m_dip.png used on input li
ne 121.
(pdftex.def)             Requested size: 225.84375pt x 149.05879pt.


LaTeX Warning: `!h' float specifier changed to `!ht'.

<images/ISM_canted_v2.pdf, id=77, 3994.925pt x 2726.185pt>
File: images/ISM_canted_v2.pdf Graphic file (type pdf)

<use images/ISM_canted_v2.pdf>
Package pdftex.def Info: images/ISM_canted_v2.pdf used on input line 125.
(pdftex.def)             Requested size: 225.84375pt x 154.07965pt.


LaTeX Warning: `!h' float specifier changed to `!ht'.

[4 <./images/ISM_0m_cant_0m_dip.png (PNG copy)> <./images/annotated_reflections
_v2.pdf> <./images/planview_paths_v2.pdf>] [5 <./images/ISM_0pt05m_cant_0m_dip.
png (PNG copy)> <./images/ISM_0pt05m_cant_0pt02m_dip.png (PNG copy)> <./images/
ISM_canted_v2.pdf>] [6

] (./On the Acoustics of Alleyways #201.aux)

LaTeX Warning: Label(s) may have changed. Rerun to get cross-references right.

 ) 
Here is how much of TeX's memory you used:
 1806 strings out of 493117
 26927 string characters out of 6135433
 88701 words of memory out of 5000000
 5242 multiletter control sequences out of 15000+600000
 11014 words of font info for 39 fonts, out of 8000000 for 9000
 1142 hyphenation exceptions out of 8191
 39i,9n,25p,784b,280s stack positions out of 5000i,500n,10000p,200000b,80000s
</usr/local/texlive/2014/texmf-dist/fonts/type1/public/amsfonts/cm/cmbx10.pfb
></usr/local/texlive/2014/texmf-dist/fonts/type1/public/amsfonts/cm/cmbx8.pfb><
/usr/local/texlive/2014/texmf-dist/fonts/type1/public/amsfonts/cm/cmmi10.pfb></
usr/local/texlive/2014/texmf-dist/fonts/type1/public/amsfonts/cm/cmmi8.pfb></us
r/local/texlive/2014/texmf-dist/fonts/type1/public/amsfonts/cm/cmmi9.pfb></usr/
local/texlive/2014/texmf-dist/fonts/type1/public/amsfonts/cm/cmr10.pfb></usr/lo
cal/texlive/2014/texmf-dist/fonts/type1/public/amsfonts/cm/cmr6.pfb></usr/local
/texlive/2014/texmf-dist/fonts/type1/public/amsfonts/cm/cmr7.pfb></usr/local/te
xlive/2014/texmf-dist/fonts/type1/public/amsfonts/cm/cmr8.pfb></usr/local/texli
ve/2014/texmf-dist/fonts/type1/public/amsfonts/cm/cmr9.pfb></usr/local/texlive/
2014/texmf-dist/fonts/type1/public/amsfonts/cm/cmss10.pfb></usr/local/texlive/2
014/texmf-dist/fonts/type1/public/amsfonts/cm/cmss17.pfb></usr/local/texlive/20
14/texmf-dist/fonts/type1/public/amsfonts/cm/cmss8.pfb></usr/local/texlive/2014
/texmf-dist/fonts/type1/public/amsfonts/cm/cmssbx10.pfb></usr/local/texlive/201
4/texmf-dist/fonts/type1/public/amsfonts/cm/cmsy10.pfb></usr/local/texlive/2014
/texmf-dist/fonts/type1/public/amsfonts/cm/cmsy6.pfb></usr/local/texlive/2014/t
exmf-dist/fonts/type1/public/amsfonts/cm/cmsy8.pfb></usr/local/texlive/2014/tex
mf-dist/fonts/type1/public/amsfonts/cm/cmti10.pfb></usr/local/texlive/2014/texm
f-dist/fonts/type1/public/amsfonts/cm/cmti7.pfb></usr/local/texlive/2014/texmf-
dist/fonts/type1/public/amsfonts/cm/cmti9.pfb></usr/local/texlive/2014/texmf-di
st/fonts/type1/public/amsfonts/cm/cmtt10.pfb>
Output written on "On the Acoustics of Alleyways #201.pdf" (6 pages, 851452 byt
es).
PDF statistics:
 163 PDF objects out of 1000 (max. 8388607)
 100 compressed objects within 1 object stream
 0 named destinations out of 1000 (max. 500000)
 106 words of extra memory for PDF output out of 10000 (max. 10000000)

